Determining if the Q_WS_WIN exist failed with the following output:
Change Dir: /home/aave/Dropbox/AcousticAVE/Workspace/QT Projects/demo_qvtk/Demo/CMakeFiles/CMakeTmp

Run Build Command:/usr/bin/make "cmTryCompileExec314275238/fast"
/usr/bin/make -f CMakeFiles/cmTryCompileExec314275238.dir/build.make CMakeFiles/cmTryCompileExec314275238.dir/build
make[1]: Entering directory `/home/aave/Dropbox/AcousticAVE/Workspace/QT Projects/demo_qvtk/Demo/CMakeFiles/CMakeTmp'
/usr/bin/cmake -E cmake_progress_report "/home/aave/Dropbox/AcousticAVE/Workspace/QT Projects/demo_qvtk/Demo/CMakeFiles/CMakeTmp/CMakeFiles" 1
Building CXX object CMakeFiles/cmTryCompileExec314275238.dir/CheckSymbolExists.cxx.o
/usr/bin/c++    -Wno-deprecated   -I/usr/include/qt4    -o CMakeFiles/cmTryCompileExec314275238.dir/CheckSymbolExists.cxx.o -c "/home/aave/Dropbox/AcousticAVE/Workspace/QT Projects/demo_qvtk/Demo/CMakeFiles/CMakeTmp/CheckSymbolExists.cxx"
/home/aave/Dropbox/AcousticAVE/Workspace/QT Projects/demo_qvtk/Demo/CMakeFiles/CMakeTmp/CheckSymbolExists.cxx: In function ‘int main(int, char**)’:
/home/aave/Dropbox/AcousticAVE/Workspace/QT Projects/demo_qvtk/Demo/CMakeFiles/CMakeTmp/CheckSymbolExists.cxx:8:19: error: ‘Q_WS_WIN’ was not declared in this scope
   return ((int*)(&Q_WS_WIN))[argc];
                   ^
make[1]: *** [CMakeFiles/cmTryCompileExec314275238.dir/CheckSymbolExists.cxx.o] Error 1
make[1]: Leaving directory `/home/aave/Dropbox/AcousticAVE/Workspace/QT Projects/demo_qvtk/Demo/CMakeFiles/CMakeTmp'
make: *** [cmTryCompileExec314275238/fast] Error 2

File /home/aave/Dropbox/AcousticAVE/Workspace/QT Projects/demo_qvtk/Demo/CMakeFiles/CMakeTmp/CheckSymbolExists.cxx:
/* */
#include <QtCore/qglobal.h>

int main(int argc, char** argv)
{
  (void)argv;
#ifndef Q_WS_WIN
  return ((int*)(&Q_WS_WIN))[argc];
#else
  (void)argc;
  return 0;
#endif
}

Determining if the Q_WS_QWS exist failed with the following output:
Change Dir: /home/aave/Dropbox/AcousticAVE/Workspace/QT Projects/demo_qvtk/Demo/CMakeFiles/CMakeTmp

Run Build Command:/usr/bin/make "cmTryCompileExec744476596/fast"
/usr/bin/make -f CMakeFiles/cmTryCompileExec744476596.dir/build.make CMakeFiles/cmTryCompileExec744476596.dir/build
make[1]: Entering directory `/home/aave/Dropbox/AcousticAVE/Workspace/QT Projects/demo_qvtk/Demo/CMakeFiles/CMakeTmp'
/usr/bin/cmake -E cmake_progress_report "/home/aave/Dropbox/AcousticAVE/Workspace/QT Projects/demo_qvtk/Demo/CMakeFiles/CMakeTmp/CMakeFiles" 1
Building CXX object CMakeFiles/cmTryCompileExec744476596.dir/CheckSymbolExists.cxx.o
/usr/bin/c++    -Wno-deprecated   -I/usr/include/qt4    -o CMakeFiles/cmTryCompileExec744476596.dir/CheckSymbolExists.cxx.o -c "/home/aave/Dropbox/AcousticAVE/Workspace/QT Projects/demo_qvtk/Demo/CMakeFiles/CMakeTmp/CheckSymbolExists.cxx"
/home/aave/Dropbox/AcousticAVE/Workspace/QT Projects/demo_qvtk/Demo/CMakeFiles/CMakeTmp/CheckSymbolExists.cxx: In function ‘int main(int, char**)’:
/home/aave/Dropbox/AcousticAVE/Workspace/QT Projects/demo_qvtk/Demo/CMakeFiles/CMakeTmp/CheckSymbolExists.cxx:8:19: error: ‘Q_WS_QWS’ was not declared in this scope
   return ((int*)(&Q_WS_QWS))[argc];
                   ^
make[1]: *** [CMakeFiles/cmTryCompileExec744476596.dir/CheckSymbolExists.cxx.o] Error 1
make[1]: Leaving directory `/home/aave/Dropbox/AcousticAVE/Workspace/QT Projects/demo_qvtk/Demo/CMakeFiles/CMakeTmp'
make: *** [cmTryCompileExec744476596/fast] Error 2

File /home/aave/Dropbox/AcousticAVE/Workspace/QT Projects/demo_qvtk/Demo/CMakeFiles/CMakeTmp/CheckSymbolExists.cxx:
/* */
#include <QtCore/qglobal.h>

int main(int argc, char** argv)
{
  (void)argv;
#ifndef Q_WS_QWS
  return ((int*)(&Q_WS_QWS))[argc];
#else
  (void)argc;
  return 0;
#endif
}

Determining if the Q_WS_MAC exist failed with the following output:
Change Dir: /home/aave/Dropbox/AcousticAVE/Workspace/QT Projects/demo_qvtk/Demo/CMakeFiles/CMakeTmp

Run Build Command:/usr/bin/make "cmTryCompileExec3128586729/fast"
/usr/bin/make -f CMakeFiles/cmTryCompileExec3128586729.dir/build.make CMakeFiles/cmTryCompileExec3128586729.dir/build
make[1]: Entering directory `/home/aave/Dropbox/AcousticAVE/Workspace/QT Projects/demo_qvtk/Demo/CMakeFiles/CMakeTmp'
/usr/bin/cmake -E cmake_progress_report "/home/aave/Dropbox/AcousticAVE/Workspace/QT Projects/demo_qvtk/Demo/CMakeFiles/CMakeTmp/CMakeFiles" 1
Building CXX object CMakeFiles/cmTryCompileExec3128586729.dir/CheckSymbolExists.cxx.o
/usr/bin/c++    -Wno-deprecated   -I/usr/include/qt4    -o CMakeFiles/cmTryCompileExec3128586729.dir/CheckSymbolExists.cxx.o -c "/home/aave/Dropbox/AcousticAVE/Workspace/QT Projects/demo_qvtk/Demo/CMakeFiles/CMakeTmp/CheckSymbolExists.cxx"
/home/aave/Dropbox/AcousticAVE/Workspace/QT Projects/demo_qvtk/Demo/CMakeFiles/CMakeTmp/CheckSymbolExists.cxx: In function ‘int main(int, char**)’:
/home/aave/Dropbox/AcousticAVE/Workspace/QT Projects/demo_qvtk/Demo/CMakeFiles/CMakeTmp/CheckSymbolExists.cxx:8:19: error: ‘Q_WS_MAC’ was not declared in this scope
   return ((int*)(&Q_WS_MAC))[argc];
                   ^
make[1]: *** [CMakeFiles/cmTryCompileExec3128586729.dir/CheckSymbolExists.cxx.o] Error 1
make[1]: Leaving directory `/home/aave/Dropbox/AcousticAVE/Workspace/QT Projects/demo_qvtk/Demo/CMakeFiles/CMakeTmp'
make: *** [cmTryCompileExec3128586729/fast] Error 2

File /home/aave/Dropbox/AcousticAVE/Workspace/QT Projects/demo_qvtk/Demo/CMakeFiles/CMakeTmp/CheckSymbolExists.cxx:
/* */
#include <QtCore/qglobal.h>

int main(int argc, char** argv)
{
  (void)argv;
#ifndef Q_WS_MAC
  return ((int*)(&Q_WS_MAC))[argc];
#else
  (void)argc;
  return 0;
#endif
}

